<?xml version="1.0" encoding="UTF-8" ?>
<testsuite tests="5" failures="0" name="com.huinan.server.AppTest" time="0.461" errors="0" skipped="0">
  <properties>
[...]
</properties>
  <testcase classname="com.huinan.server.AppTest" name="testHu" time="0.002"/>
  <testcase classname="com.huinan.server.AppTest" name="testGetAction" time="0.006"/>
  <testcase classname="com.huinan.server.AppTest" name="testFaPai" time="0"/>
  <testcase classname="com.huinan.server.AppTest" name="testApp" time="0"/>
  <testcase classname="com.huinan.server.AppTest" name="testCreateRoom" time="0.453"/>
</testsuite>