<?xml version="1.0" encoding="UTF-8" ?>
<testsuite tests="8" failures="0" name="com.huinan.server.NCTest" time="66.954" errors="0" skipped="0">
  <properties>
[...]
</properties>
  <testcase classname="com.huinan.server.NCTest" name="testHu" time="66.618"/>
  <testcase classname="com.huinan.server.NCTest" name="testDo" time="0.321"/>
  <testcase classname="com.huinan.server.NCTest" name="testDate" time="0.004"/>
  <testcase classname="com.huinan.server.NCTest" name="testList" time="0"/>
  <testcase classname="com.huinan.server.NCTest" name="testRed" time="0.003"/>
  <testcase classname="com.huinan.server.NCTest" name="testRandomZhuang" time="0.004"/>
  <testcase classname="com.huinan.server.NCTest" name="testSameCards" time="0.001"/>
  <testcase classname="com.huinan.server.NCTest" name="testFaPai" time="0.003"/>
</testsuite>